0 info it worked if it ends with ok
1 verbose cli [ 'E:\\java\\node\\node.exe',
1 verbose cli   'C:\\Users\\Administrator\\AppData\\Roaming\\npm\\node_modules\\cnpm\\node_modules\\npm\\bin\\npm-cli.js',
1 verbose cli   '--userconfig=C:\\Users\\Administrator\\.cnpmrc',
1 verbose cli   '--disturl=https://npm.taobao.org/mirrors/node',
1 verbose cli   '--registry=https://registry.npm.taobao.org',
1 verbose cli   'run',
1 verbose cli   'dev' ]
2 info using npm@3.10.10
3 info using node@v8.0.0
4 verbose run-script [ 'predev', 'dev', 'postdev' ]
5 info lifecycle Ntq3@1.0.0~predev: Ntq3@1.0.0
6 silly lifecycle Ntq3@1.0.0~predev: no script for predev, continuing
7 info lifecycle Ntq3@1.0.0~dev: Ntq3@1.0.0
8 verbose lifecycle Ntq3@1.0.0~dev: unsafe-perm in lifecycle true
9 verbose lifecycle Ntq3@1.0.0~dev: PATH: C:\Users\Administrator\AppData\Roaming\npm\node_modules\cnpm\node_modules\npm\bin\node-gyp-bin;E:\java\WorkSpace\GIT\newNeq\node_modules\.bin;E:\java\GitHub\Ruby23-x64\bin;C:\ProgramData\Oracle\Java\javapath;C:\Windows\system32;C:\Windows;C:\Windows\System32\Wbem;C:\Windows\System32\WindowsPowerShell\v1.0\;D:\Install software\TortoiseSVN\bin;E:\java\DB\MySQL\MySQL Server 6.0\bin;C:\Program Files\Lenovo\Bluetooth Software\;C:\Program Files\Lenovo\Bluetooth Software\syswow64;E:\java\node\;E:\java\jdk\jdk1.8.0_91\bin;E:\java\jdk\jdk1.8.0_91\jre\bin;E:\java\maven\apache-maven-3.3.9\bin;C:\Users\Administrator\AppData\Roaming\npm;.;;.;;.;
10 verbose lifecycle Ntq3@1.0.0~dev: CWD: E:\java\WorkSpace\GIT\newNeq
11 silly lifecycle Ntq3@1.0.0~dev: Args: [ '/d /s /c', 'node build/dev-server  --inline --hot' ]
12 silly lifecycle Ntq3@1.0.0~dev: Returned: code: 1  signal: null
13 info lifecycle Ntq3@1.0.0~dev: Failed to exec dev script
14 verbose stack Error: Ntq3@1.0.0 dev: `node build/dev-server  --inline --hot`
14 verbose stack Exit status 1
14 verbose stack     at EventEmitter.<anonymous> (C:\Users\Administrator\AppData\Roaming\npm\node_modules\cnpm\node_modules\npm\lib\utils\lifecycle.js:255:16)
14 verbose stack     at emitTwo (events.js:125:13)
14 verbose stack     at EventEmitter.emit (events.js:213:7)
14 verbose stack     at ChildProcess.<anonymous> (C:\Users\Administrator\AppData\Roaming\npm\node_modules\cnpm\node_modules\npm\lib\utils\spawn.js:40:14)
14 verbose stack     at emitTwo (events.js:125:13)
14 verbose stack     at ChildProcess.emit (events.js:213:7)
14 verbose stack     at maybeClose (internal/child_process.js:887:16)
14 verbose stack     at Process.ChildProcess._handle.onexit (internal/child_process.js:208:5)
15 verbose pkgid Ntq3@1.0.0
16 verbose cwd E:\java\WorkSpace\GIT\newNeq
17 error Windows_NT 6.1.7601
18 error argv "E:\\java\\node\\node.exe" "C:\\Users\\Administrator\\AppData\\Roaming\\npm\\node_modules\\cnpm\\node_modules\\npm\\bin\\npm-cli.js" "--userconfig=C:\\Users\\Administrator\\.cnpmrc" "--disturl=https://npm.taobao.org/mirrors/node" "--registry=https://registry.npm.taobao.org" "run" "dev"
19 error node v8.0.0
20 error npm  v3.10.10
21 error code ELIFECYCLE
22 error Ntq3@1.0.0 dev: `node build/dev-server  --inline --hot`
22 error Exit status 1
23 error Failed at the Ntq3@1.0.0 dev script 'node build/dev-server  --inline --hot'.
23 error Make sure you have the latest version of node.js and npm installed.
23 error If you do, this is most likely a problem with the Ntq3 package,
23 error not with npm itself.
23 error Tell the author that this fails on your system:
23 error     node build/dev-server  --inline --hot
23 error You can get information on how to open an issue for this project with:
23 error     npm bugs Ntq3
23 error Or if that isn't available, you can get their info via:
23 error     npm owner ls Ntq3
23 error There is likely additional logging output above.
24 verbose exit [ 1, true ]
